<?xml version="1.0" encoding="UTF-8"?>
<!-- Generated by org.testng.reporters.JUnitReportReporter -->
<testsuite skipped="1" hostname="LAPTOP-G1FMFIUG" name="basic2.TestNg2" tests="7" failures="0" timestamp="2022-04-20T18:08:55 IST" time="0.015" errors="0">
  <testcase name="calls" time="0.009" classname="basic2.TestNg2"/>
  <system-out>
    <![CDATA[calls]]>
  </system-out>
  <testcase name="chats" time="0.001" classname="basic2.TestNg2"/>
  <system-out>
    <![CDATA[chats]]>
  </system-out>
  <testcase name="chats" time="0.001" classname="basic2.TestNg2"/>
  <system-out>
    <![CDATA[chats]]>
  </system-out>
  <testcase name="chats" time="0.002" classname="basic2.TestNg2"/>
  <system-out>
    <![CDATA[chats]]>
  </system-out>
  <testcase name="chats" time="0.001" classname="basic2.TestNg2"/>
  <system-out>
    <![CDATA[chats]]>
  </system-out>
  <testcase name="chats" time="0.001" classname="basic2.TestNg2"/>
  <system-out>
    <![CDATA[chats]]>
  </system-out>
  <testcase name="settings" classname="basic2.TestNg2">
    <skipped/>
  </testcase> <!-- settings -->
  <system-out/>
</testsuite> <!-- basic2.TestNg2 -->
