<?xml version="1.0" encoding="UTF-8"?>
<!-- Generated by org.testng.reporters.JUnitReportReporter -->
<testsuite skipped="0" hostname="LAPTOP-G1FMFIUG" name="basic2.Test3" tests="1" failures="0" timestamp="2022-04-24T14:51:43 IST" time="25.707" errors="0">
  <testcase name="tc3" time="25.707" classname="basic2.Test3"/>
  <system-out/>
</testsuite> <!-- basic2.Test3 -->
