<?xml version="1.0" encoding="UTF-8"?>
<!-- Generated by org.testng.reporters.JUnitReportReporter -->
<testsuite skipped="0" hostname="LAPTOP-G1FMFIUG" name="basic2.Test1" tests="1" failures="0" timestamp="2022-04-24T14:51:43 IST" time="90.380" errors="0">
  <testcase name="tc1" time="90.380" classname="basic2.Test1"/>
  <system-out>
    <![CDATA[Log in to Facebook
https://www.facebook.com/login.php]]>
  </system-out>
</testsuite> <!-- basic2.Test1 -->
