<?xml version="1.0" encoding="UTF-8"?>
<!-- Generated by org.testng.reporters.JUnitReportReporter -->
<testsuite skipped="0" hostname="LAPTOP-G1FMFIUG" name="basic2.TestNg" tests="1" failures="0" timestamp="2022-04-20T17:45:51 IST" time="0.076" errors="0">
  <testcase name="tc1" time="0.076" classname="basic2.TestNg"/>
  <system-out>
    <![CDATA[hello
Hello]]>
  </system-out>
</testsuite> <!-- basic2.TestNg -->
